<?xml version="1.0" encoding="UTF-8"?>
<testng-results skipped="0" failed="0" ignored="0" total="2" passed="2">
  <reporter-output>
  </reporter-output>
  <suite name="Suite1" duration-ms="23490" started-at="2021-05-04T00:36:24Z" finished-at="2021-05-04T00:36:47Z">
    <groups>
    </groups>
    <test name="testcycle1" duration-ms="23490" started-at="2021-05-04T00:36:24Z" finished-at="2021-05-04T00:36:47Z">
      <class name="com.qa.testScripts.Script2Today">
        <test-method status="PASS" signature="Test1()[pri:0, instance:com.qa.testScripts.Script2Today@1f828d7]" name="Test1" duration-ms="22219" started-at="2021-05-04T00:36:24Z" finished-at="2021-05-04T00:36:46Z">
          <reporter-output>
          </reporter-output>
        </test-method> <!-- Test1 -->
      </class> <!-- com.qa.testScripts.Script2Today -->
      <class name="com.qa.testScripts.MouseOverDemo">
        <test-method status="PASS" signature="setup()[pri:0, instance:com.qa.testScripts.MouseOverDemo@25a92e]" name="setup" is-config="true" duration-ms="13758" started-at="2021-05-04T00:36:24Z" finished-at="2021-05-04T00:36:38Z">
          <reporter-output>
          </reporter-output>
        </test-method> <!-- setup -->
        <test-method status="PASS" signature="dragandDropmethod()[pri:0, instance:com.qa.testScripts.MouseOverDemo@25a92e]" name="dragandDropmethod" duration-ms="9704" started-at="2021-05-04T00:36:38Z" finished-at="2021-05-04T00:36:47Z">
          <reporter-output>
          </reporter-output>
        </test-method> <!-- dragandDropmethod -->
      </class> <!-- com.qa.testScripts.MouseOverDemo -->
    </test> <!-- testcycle1 -->
  </suite> <!-- Suite1 -->
</testng-results>
