<?xml version="1.0" encoding="UTF-8"?>
<testng-results skipped="0" failed="0" ignored="0" total="2" passed="2">
  <reporter-output>
  </reporter-output>
  <suite name="Suite1" duration-ms="23578" started-at="2021-05-04T00:35:33Z" finished-at="2021-05-04T00:35:56Z">
    <groups>
    </groups>
    <test name="testcycle1" duration-ms="23578" started-at="2021-05-04T00:35:33Z" finished-at="2021-05-04T00:35:56Z">
      <class name="com.qa.testScripts.Script2Today">
        <test-method status="PASS" signature="Test1()[pri:0, instance:com.qa.testScripts.Script2Today@2cd91f]" name="Test1" duration-ms="20994" started-at="2021-05-04T00:35:33Z" finished-at="2021-05-04T00:35:54Z">
          <reporter-output>
          </reporter-output>
        </test-method> <!-- Test1 -->
      </class> <!-- com.qa.testScripts.Script2Today -->
      <class name="com.qa.testScripts.MouseOverDemo">
        <test-method status="PASS" signature="setup()[pri:0, instance:com.qa.testScripts.MouseOverDemo@c300f1]" name="setup" is-config="true" duration-ms="13924" started-at="2021-05-04T00:35:33Z" finished-at="2021-05-04T00:35:47Z">
          <reporter-output>
          </reporter-output>
        </test-method> <!-- setup -->
        <test-method status="PASS" signature="dragandDropmethod()[pri:0, instance:com.qa.testScripts.MouseOverDemo@c300f1]" name="dragandDropmethod" duration-ms="9583" started-at="2021-05-04T00:35:47Z" finished-at="2021-05-04T00:35:56Z">
          <reporter-output>
          </reporter-output>
        </test-method> <!-- dragandDropmethod -->
      </class> <!-- com.qa.testScripts.MouseOverDemo -->
    </test> <!-- testcycle1 -->
  </suite> <!-- Suite1 -->
</testng-results>
